Performing C SOURCE FILE Test CMAKE_HAVE_LIBC_PTHREAD failed with the following output:
Change Dir: /home/jules/Documents/synthese/TD2/CMakeFiles/CMakeTmp

Run Build Command(s):/usr/bin/make cmTC_7068d/fast && /usr/bin/make -f CMakeFiles/cmTC_7068d.dir/build.make CMakeFiles/cmTC_7068d.dir/build
make[1] : on entre dans le répertoire « /home/jules/Documents/synthese/TD2/CMakeFiles/CMakeTmp »
Building C object CMakeFiles/cmTC_7068d.dir/src.c.o
/usr/bin/cc   -DCMAKE_HAVE_LIBC_PTHREAD   -o CMakeFiles/cmTC_7068d.dir/src.c.o   -c /home/jules/Documents/synthese/TD2/CMakeFiles/CMakeTmp/src.c
Linking C executable cmTC_7068d
/usr/bin/cmake -E cmake_link_script CMakeFiles/cmTC_7068d.dir/link.txt --verbose=1
/usr/bin/cc  -DCMAKE_HAVE_LIBC_PTHREAD    -rdynamic CMakeFiles/cmTC_7068d.dir/src.c.o  -o cmTC_7068d 
/usr/bin/ld : CMakeFiles/cmTC_7068d.dir/src.c.o : dans la fonction « main » :
src.c:(.text+0x46) : référence indéfinie vers « pthread_create »
/usr/bin/ld : src.c:(.text+0x52) : référence indéfinie vers « pthread_detach »
/usr/bin/ld : src.c:(.text+0x63) : référence indéfinie vers « pthread_join »
collect2: error: ld returned 1 exit status
make[1]: *** [CMakeFiles/cmTC_7068d.dir/build.make:87 : cmTC_7068d] Erreur 1
make[1] : on quitte le répertoire « /home/jules/Documents/synthese/TD2/CMakeFiles/CMakeTmp »
make: *** [Makefile:121 : cmTC_7068d/fast] Erreur 2


Source file was:
#include <pthread.h>

void* test_func(void* data)
{
  return data;
}

int main(void)
{
  pthread_t thread;
  pthread_create(&thread, NULL, test_func, NULL);
  pthread_detach(thread);
  pthread_join(thread, NULL);
  pthread_atfork(NULL, NULL, NULL);
  pthread_exit(NULL);

  return 0;
}

Determining if the function pthread_create exists in the pthreads failed with the following output:
Change Dir: /home/jules/Documents/synthese/TD2/CMakeFiles/CMakeTmp

Run Build Command(s):/usr/bin/make cmTC_404fc/fast && /usr/bin/make -f CMakeFiles/cmTC_404fc.dir/build.make CMakeFiles/cmTC_404fc.dir/build
make[1] : on entre dans le répertoire « /home/jules/Documents/synthese/TD2/CMakeFiles/CMakeTmp »
Building C object CMakeFiles/cmTC_404fc.dir/CheckFunctionExists.c.o
/usr/bin/cc   -DCHECK_FUNCTION_EXISTS=pthread_create   -o CMakeFiles/cmTC_404fc.dir/CheckFunctionExists.c.o   -c /usr/share/cmake-3.16/Modules/CheckFunctionExists.c
Linking C executable cmTC_404fc
/usr/bin/cmake -E cmake_link_script CMakeFiles/cmTC_404fc.dir/link.txt --verbose=1
/usr/bin/cc  -DCHECK_FUNCTION_EXISTS=pthread_create    -rdynamic CMakeFiles/cmTC_404fc.dir/CheckFunctionExists.c.o  -o cmTC_404fc  -lpthreads 
/usr/bin/ld : ne peut trouver -lpthreads
collect2: error: ld returned 1 exit status
make[1]: *** [CMakeFiles/cmTC_404fc.dir/build.make:87 : cmTC_404fc] Erreur 1
make[1] : on quitte le répertoire « /home/jules/Documents/synthese/TD2/CMakeFiles/CMakeTmp »
make: *** [Makefile:121 : cmTC_404fc/fast] Erreur 2



Performing C SOURCE FILE Test CMAKE_HAVE_LIBC_PTHREAD failed with the following output:
Change Dir: /home/jules/Documents/synthese/TD2/CMakeFiles/CMakeTmp

Run Build Command(s):/usr/bin/make cmTC_64df8/fast && /usr/bin/make -f CMakeFiles/cmTC_64df8.dir/build.make CMakeFiles/cmTC_64df8.dir/build
make[1] : on entre dans le répertoire « /home/jules/Documents/synthese/TD2/CMakeFiles/CMakeTmp »
Building C object CMakeFiles/cmTC_64df8.dir/src.c.o
/usr/bin/cc   -DCMAKE_HAVE_LIBC_PTHREAD   -o CMakeFiles/cmTC_64df8.dir/src.c.o   -c /home/jules/Documents/synthese/TD2/CMakeFiles/CMakeTmp/src.c
Linking C executable cmTC_64df8
/usr/bin/cmake -E cmake_link_script CMakeFiles/cmTC_64df8.dir/link.txt --verbose=1
/usr/bin/cc  -DCMAKE_HAVE_LIBC_PTHREAD    -rdynamic CMakeFiles/cmTC_64df8.dir/src.c.o  -o cmTC_64df8 
/usr/bin/ld : CMakeFiles/cmTC_64df8.dir/src.c.o : dans la fonction « main » :
src.c:(.text+0x46) : référence indéfinie vers « pthread_create »
/usr/bin/ld : src.c:(.text+0x52) : référence indéfinie vers « pthread_detach »
/usr/bin/ld : src.c:(.text+0x63) : référence indéfinie vers « pthread_join »
collect2: error: ld returned 1 exit status
make[1]: *** [CMakeFiles/cmTC_64df8.dir/build.make:87 : cmTC_64df8] Erreur 1
make[1] : on quitte le répertoire « /home/jules/Documents/synthese/TD2/CMakeFiles/CMakeTmp »
make: *** [Makefile:121 : cmTC_64df8/fast] Erreur 2


Source file was:
#include <pthread.h>

void* test_func(void* data)
{
  return data;
}

int main(void)
{
  pthread_t thread;
  pthread_create(&thread, NULL, test_func, NULL);
  pthread_detach(thread);
  pthread_join(thread, NULL);
  pthread_atfork(NULL, NULL, NULL);
  pthread_exit(NULL);

  return 0;
}

Determining if the function pthread_create exists in the pthreads failed with the following output:
Change Dir: /home/jules/Documents/synthese/TD2/CMakeFiles/CMakeTmp

Run Build Command(s):/usr/bin/make cmTC_47510/fast && /usr/bin/make -f CMakeFiles/cmTC_47510.dir/build.make CMakeFiles/cmTC_47510.dir/build
make[1] : on entre dans le répertoire « /home/jules/Documents/synthese/TD2/CMakeFiles/CMakeTmp »
Building C object CMakeFiles/cmTC_47510.dir/CheckFunctionExists.c.o
/usr/bin/cc   -DCHECK_FUNCTION_EXISTS=pthread_create   -o CMakeFiles/cmTC_47510.dir/CheckFunctionExists.c.o   -c /usr/share/cmake-3.16/Modules/CheckFunctionExists.c
Linking C executable cmTC_47510
/usr/bin/cmake -E cmake_link_script CMakeFiles/cmTC_47510.dir/link.txt --verbose=1
/usr/bin/cc  -DCHECK_FUNCTION_EXISTS=pthread_create    -rdynamic CMakeFiles/cmTC_47510.dir/CheckFunctionExists.c.o  -o cmTC_47510  -lpthreads 
/usr/bin/ld : ne peut trouver -lpthreads
collect2: error: ld returned 1 exit status
make[1]: *** [CMakeFiles/cmTC_47510.dir/build.make:87 : cmTC_47510] Erreur 1
make[1] : on quitte le répertoire « /home/jules/Documents/synthese/TD2/CMakeFiles/CMakeTmp »
make: *** [Makefile:121 : cmTC_47510/fast] Erreur 2



